<?xml version="1.0" encoding="UTF-8"?>
<testng-results ignored="0" total="1" passed="1" failed="0" skipped="0">
  <reporter-output>
  </reporter-output>
  <suite started-at="2023-05-12T13:22:26 IST" name="Default suite" finished-at="2023-05-12T13:22:31 IST" duration-ms="4248">
    <groups>
    </groups>
    <test started-at="2023-05-12T13:22:26 IST" name="Default test" finished-at="2023-05-12T13:22:31 IST" duration-ms="4248">
      <class name="authentication.Auth2point0">
        <test-method signature="auth2_0()[pri:0, instance:authentication.Auth2point0@7193666c]" started-at="2023-05-12T13:22:26 IST" name="auth2_0" finished-at="2023-05-12T13:22:31 IST" duration-ms="4188" status="PASS">
          <reporter-output>
          </reporter-output>
        </test-method> <!-- auth2_0 -->
      </class> <!-- authentication.Auth2point0 -->
    </test> <!-- Default test -->
  </suite> <!-- Default suite -->
</testng-results>
