<?xml version="1.0" encoding="UTF-8"?>
<testng-results ignored="0" total="1" passed="1" failed="0" skipped="0">
  <reporter-output>
  </reporter-output>
  <suite started-at="2023-05-07T15:57:10 IST" name="Default suite" finished-at="2023-05-07T15:57:10 IST" duration-ms="289">
    <groups>
    </groups>
    <test started-at="2023-05-07T15:57:10 IST" name="Default test" finished-at="2023-05-07T15:57:10 IST" duration-ms="289">
      <class name="SerializationAndDeserialization.DeSerializationWithObjectArraySpouse">
        <test-method signature="employDeserial()[pri:0, instance:SerializationAndDeserialization.DeSerializationWithObjectArraySpouse@498d318c]" started-at="2023-05-07T15:57:10 IST" name="employDeserial" finished-at="2023-05-07T15:57:10 IST" duration-ms="250" status="PASS">
          <reporter-output>
          </reporter-output>
        </test-method> <!-- employDeserial -->
      </class> <!-- SerializationAndDeserialization.DeSerializationWithObjectArraySpouse -->
    </test> <!-- Default test -->
  </suite> <!-- Default suite -->
</testng-results>
